2024-12-02T20:11:39.058806+0200 INFO Запуск приложения
2024-12-02T20:11:39.063975+0200 INFO Данные успешно загружены: 1000 записей
2024-12-02T20:11:39.064074+0200 INFO Начало обработки данных
2024-12-02T20:11:39.065903+0200 INFO Найдено 527 записей с суммой транзакций > 500
2024-12-02T20:11:39.069051+0200 INFO Общая сумма транзакций по регионам: Region
Central    75260.00
East       70040.36
North      73919.26
South      85290.01
West       88301.81
Name: Amount, dtype: float64
2024-12-02T20:11:39.071239+0200 INFO Отфильтрованные данные сохранены в 'data/processed_transaction_data.csv'
2024-12-02T20:11:54.094709+0200 ERROR Ошибка при подключении к ZooKeeper: Connection time-out
2024-12-02T20:11:54.095639+0200 ERROR Ошибка в приложении: Connection time-out
2024-12-02T20:33:25.977483+0200 INFO Запуск приложения
2024-12-02T20:33:25.983905+0200 INFO Данные успешно загружены: 1000 записей
2024-12-02T20:33:25.984008+0200 INFO Начало обработки данных
2024-12-02T20:33:25.985944+0200 INFO Найдено 527 записей с суммой транзакций > 500
2024-12-02T20:33:25.989471+0200 INFO Общая сумма транзакций по регионам: Region
Central    75260.00
East       70040.36
North      73919.26
South      85290.01
West       88301.81
Name: Amount, dtype: float64
2024-12-02T20:33:25.992433+0200 INFO Отфильтрованные данные сохранены в 'data/processed_transaction_data.csv'
2024-12-02T20:33:26.062483+0200 INFO Соединение с ZooKeeper установлено
2024-12-02T20:33:26.079979+0200 INFO Создан узел: /big_data_node
2024-12-02T20:48:04.199316+0200 INFO Запуск приложения
2024-12-02T20:48:04.205579+0200 INFO Данные успешно загружены: 1000 записей
2024-12-02T20:48:04.205694+0200 INFO Начало обработки данных
2024-12-02T20:48:04.207306+0200 INFO Найдено 527 записей с суммой транзакций > 500
2024-12-02T20:48:04.209890+0200 INFO Общая сумма транзакций по регионам: Region
Central    75260.00
East       70040.36
North      73919.26
South      85290.01
West       88301.81
Name: Amount, dtype: float64
2024-12-02T20:48:04.211731+0200 INFO Отфильтрованные данные сохранены в 'data/processed_transaction_data.csv'
2024-12-02T20:48:04.330829+0200 INFO Соединение с ZooKeeper установлено
2024-12-02T20:48:04.358585+0200 INFO Узел /big_data_node уже существует
2024-12-02T21:18:59.530212+0200 INFO Запуск приложения
2024-12-02T21:18:59.534833+0200 INFO Данные успешно загружены: 1000 записей
2024-12-02T21:18:59.534919+0200 INFO Начало обработки данных
2024-12-02T21:18:59.536038+0200 INFO Найдено 527 записей с суммой транзакций > 500
2024-12-02T21:18:59.539325+0200 INFO Общая сумма транзакций по регионам: Region
Central    75260.00
East       70040.36
North      73919.26
South      85290.01
West       88301.81
Name: Amount, dtype: float64
2024-12-02T21:18:59.539399+0200 INFO Построение графика суммы транзакций по регионам
2024-12-02T21:19:20.647292+0200 INFO График сохранен как 'data/region_summary.png'
2024-12-02T21:19:20.648374+0200 INFO Построение графика распределения транзакций
2024-12-02T21:19:24.428451+0200 INFO График сохранен как 'data/transaction_distribution.png'
2024-12-02T21:19:24.429159+0200 INFO Построение boxplot для транзакций по регионам
2024-12-02T21:19:26.514787+0200 INFO График сохранен как 'data/boxplot_by_region.png'
2024-12-02T21:19:26.524082+0200 INFO Отфильтрованные данные сохранены в 'data/processed_transaction_data.csv'
2024-12-02T21:19:26.616391+0200 INFO Соединение с ZooKeeper установлено
2024-12-02T21:19:26.625269+0200 INFO Узел /big_data_node уже существует
2024-12-02T21:24:22.967946+0200 INFO Запуск приложения
2024-12-02T21:24:22.973761+0200 INFO Данные успешно загружены: 1000 записей
2024-12-02T21:24:22.973849+0200 INFO Начало обработки данных
2024-12-02T21:24:22.975910+0200 INFO Найдено 527 записей с суммой транзакций > 500
2024-12-02T21:24:22.979989+0200 INFO Общая сумма транзакций по регионам: Region
Central    75260.00
East       70040.36
North      73919.26
South      85290.01
West       88301.81
Name: Amount, dtype: float64
2024-12-02T21:24:22.980074+0200 INFO Построение графика суммы транзакций по регионам
2024-12-02T21:24:25.561875+0200 INFO График сохранен как 'data/region_summary.png'
2024-12-02T21:24:25.563067+0200 INFO Построение графика распределения транзакций
2024-12-02T21:24:27.211309+0200 INFO График сохранен как 'data/transaction_distribution.png'
2024-12-02T21:24:27.211992+0200 INFO Построение boxplot для транзакций по регионам
2024-12-02T21:24:30.365504+0200 INFO График сохранен как 'data/boxplot_by_region.png'
2024-12-02T21:24:30.366177+0200 INFO Построение круговой диаграммы для суммы транзакций по регионам
2024-12-02T21:24:33.852327+0200 INFO Круговая диаграмма сохранена как 'data/region_pie_chart.png'
2024-12-02T21:24:33.855824+0200 INFO Построение тренда транзакций по времени
2024-12-02T21:24:35.974297+0200 INFO График трендов сохранен как 'data/transaction_trend.png'
2024-12-02T21:24:35.974572+0200 INFO Построение тепловой карты транзакций
2024-12-02T21:24:35.974680+0200 WARNING Для тепловой карты нужны колонки 'Category' и 'Region', но они отсутствуют.
2024-12-02T21:24:35.974738+0200 INFO Построение диаграммы суммы транзакций по типу продукта
2024-12-02T21:24:37.847459+0200 INFO График суммы транзакций по типу продукта сохранен как 'data/product_summary.png'
2024-12-02T21:24:37.848234+0200 INFO Построение трендов транзакций по регионам
2024-12-02T21:24:43.645545+0200 INFO График трендов транзакций по регионам сохранен как 'data/time_trend_by_region.png'
2024-12-02T21:24:43.646894+0200 INFO Построение диаграммы частоты транзакций по типу продукта
2024-12-02T21:24:45.091651+0200 INFO Диаграмма частоты транзакций сохранена как 'data/transaction_frequency.png'
2024-12-02T21:24:45.091804+0200 INFO Построение матрицы корреляции
2024-12-02T21:24:47.433902+0200 INFO Матрица корреляции сохранена как 'data/correlation_matrix.png'
2024-12-02T21:24:47.443028+0200 INFO Отфильтрованные данные сохранены в 'data/processed_transaction_data.csv'
2024-12-02T21:24:47.489049+0200 INFO Соединение с ZooKeeper установлено
2024-12-02T21:24:47.495542+0200 INFO Узел /big_data_node уже существует
2024-12-02T21:30:31.956958+0200 INFO Запуск приложения
2024-12-02T21:30:31.976451+0200 INFO Данные успешно загружены: 1000 записей
2024-12-02T21:30:31.976587+0200 INFO Начало обработки данных
2024-12-02T21:30:31.978298+0200 INFO Найдено 527 записей с суммой транзакций > 500
2024-12-02T21:30:31.981511+0200 INFO Общая сумма транзакций по регионам: Region
Central    75260.00
East       70040.36
North      73919.26
South      85290.01
West       88301.81
Name: Amount, dtype: float64
2024-12-02T21:30:31.981600+0200 INFO Построение графика суммы транзакций по регионам
2024-12-02T21:30:49.900414+0200 INFO График сохранен как 'data/region_summary.png'
2024-12-02T21:30:49.902965+0200 INFO Построение графика распределения транзакций
2024-12-02T21:30:52.450233+0200 INFO График сохранен как 'data/transaction_distribution.png'
2024-12-02T21:30:52.450610+0200 INFO Построение boxplot для транзакций по регионам
2024-12-02T21:30:56.831015+0200 INFO График сохранен как 'data/boxplot_by_region.png'
2024-12-02T21:30:56.832491+0200 INFO Построение круговой диаграммы для суммы транзакций по регионам
2024-12-02T21:31:00.074675+0200 INFO Круговая диаграмма сохранена как 'data/region_pie_chart.png'
2024-12-02T21:31:00.074883+0200 INFO Построение тренда транзакций по времени
2024-12-02T21:31:02.775894+0200 INFO График трендов сохранен как 'data/transaction_trend.png'
2024-12-02T21:31:02.777333+0200 INFO Построение тепловой карты транзакций
2024-12-02T21:31:02.777946+0200 WARNING Для тепловой карты нужны колонки 'Category' и 'Region', но они отсутствуют.
2024-12-02T21:31:02.778035+0200 INFO Построение диаграммы суммы транзакций по типу продукта
2024-12-02T21:31:05.591510+0200 INFO График суммы транзакций по типу продукта сохранен как 'data/product_summary.png'
2024-12-02T21:31:05.591772+0200 INFO Построение трендов транзакций по регионам
2024-12-02T21:31:10.191220+0200 INFO График трендов транзакций по регионам сохранен как 'data/time_trend_by_region.png'
2024-12-02T21:31:10.191549+0200 INFO Построение диаграммы частоты транзакций по типу продукта
2024-12-02T21:31:12.557232+0200 INFO Диаграмма частоты транзакций сохранена как 'data/transaction_frequency.png'
2024-12-02T21:31:12.557410+0200 INFO Построение матрицы корреляции
2024-12-02T21:31:15.683740+0200 INFO Матрица корреляции сохранена как 'data/correlation_matrix.png'
2024-12-02T21:31:15.699730+0200 INFO Отфильтрованные данные сохранены в 'data/processed_transaction_data.csv'
2024-12-02T21:31:15.794803+0200 INFO Соединение с ZooKeeper установлено
2024-12-02T21:31:15.799520+0200 INFO Узел /big_data_node уже существует
2024-12-02T21:50:21.102696+0200 INFO Запуск приложения
2024-12-02T21:50:21.108316+0200 INFO Данные успешно загружены: 1000 записей
2024-12-02T21:50:21.108406+0200 INFO Начало обработки данных
2024-12-02T21:50:21.109789+0200 INFO Найдено 527 записей с суммой транзакций > 500
2024-12-02T21:50:21.112351+0200 INFO Общая сумма транзакций по регионам: Region
Central    75260.00
East       70040.36
North      73919.26
South      85290.01
West       88301.81
Name: Amount, dtype: float64
2024-12-02T21:50:21.112413+0200 INFO Построение графика суммы транзакций по регионам
2024-12-02T21:50:46.332455+0200 INFO График сохранен как 'data/region_summary.png'
2024-12-02T21:50:46.333810+0200 INFO Построение графика распределения транзакций
2024-12-02T21:50:48.718257+0200 INFO График сохранен как 'data/transaction_distribution.png'
2024-12-02T21:50:48.718680+0200 INFO Построение boxplot для транзакций по регионам
2024-12-02T21:50:50.575220+0200 INFO График сохранен как 'data/boxplot_by_region.png'
2024-12-02T21:50:50.575388+0200 INFO Построение круговой диаграммы для суммы транзакций по регионам
2024-12-02T21:50:53.573573+0200 INFO Круговая диаграмма сохранена как 'data/region_pie_chart.png'
2024-12-02T21:50:53.574683+0200 INFO Построение тренда транзакций по времени
2024-12-02T21:50:55.127307+0200 INFO График трендов сохранен как 'data/transaction_trend.png'
2024-12-02T21:50:55.128045+0200 INFO Построение тепловой карты транзакций
2024-12-02T21:50:55.128435+0200 WARNING Для тепловой карты нужны колонки 'Category' и 'Region', но они отсутствуют.
2024-12-02T21:50:55.128870+0200 INFO Построение диаграммы суммы транзакций по типу продукта
2024-12-02T21:50:56.849500+0200 INFO График суммы транзакций по типу продукта сохранен как 'data/product_summary.png'
2024-12-02T21:50:56.850196+0200 INFO Построение трендов транзакций по регионам
2024-12-02T21:50:58.445286+0200 INFO График трендов транзакций по регионам сохранен как 'data/time_trend_by_region.png'
2024-12-02T21:50:58.445472+0200 INFO Построение диаграммы частоты транзакций по типу продукта
2024-12-02T21:50:59.788023+0200 INFO Диаграмма частоты транзакций сохранена как 'data/transaction_frequency.png'
2024-12-02T21:50:59.788421+0200 INFO Построение матрицы корреляции
2024-12-02T21:51:01.926796+0200 INFO Матрица корреляции сохранена как 'data/correlation_matrix.png'
2024-12-02T21:51:01.935862+0200 INFO Отфильтрованные данные сохранены в 'data/processed_transaction_data.csv'
2024-12-02T21:51:02.058393+0200 INFO Соединение с ZooKeeper установлено
2024-12-02T21:51:02.085017+0200 INFO Узел /big_data_node уже существует
